<?xml version="1.0" encoding="UTF-8"?>
<!-- Generated by org.testng.reporters.JUnitReportReporter -->
<testsuite hostname="Arshdeeps-MacBook-Pro.local" failures="0" tests="4" name="testcase.TC_002_LoginTestDDT" time="6.105" errors="0" timestamp="2024-03-18T14:03:05 EDT" skipped="0">
  <testcase classname="testcase.TC_002_LoginTestDDT" name="test_Login" time="0.105"/>
  <system-out/>
  <testcase classname="testcase.TC_002_LoginTestDDT" name="test_Login" time="3.509"/>
  <system-out/>
  <testcase classname="testcase.TC_002_LoginTestDDT" name="test_Login" time="1.044"/>
  <system-out/>
  <testcase classname="testcase.TC_002_LoginTestDDT" name="test_Login" time="1.447"/>
  <system-out/>
</testsuite> <!-- testcase.TC_002_LoginTestDDT -->
