<?xml version="1.0" encoding="UTF-8"?>
<!-- Generated by org.testng.reporters.JUnitReportReporter -->
<testsuite hostname="Arshdeeps-MacBook-Pro.local" failures="0" tests="1" name="testcase.TC_001_LoginTest" time="2.178" errors="0" timestamp="2024-03-18T12:35:17 EDT" skipped="0">
  <testcase classname="testcase.TC_001_LoginTest" name="login" time="2.178"/>
  <system-out/>
</testsuite> <!-- testcase.TC_001_LoginTest -->
